2026-07-07 14:01:36,580 [INFO] Pipeline started (config: config.yaml)
2026-07-07 14:01:37,698 [WARNING] timestamp_gaps: Found 568 gap(s) larger than the inferred bar interval (0 days 00:15:00). Some of these are likely normal (weekends, holidays) - review the timestamps below.
Largest gaps (timestamp is the bar right after the gap):
  2024-01-01 22:00:00 (gap of 3 days 00:45:00, expected 0 days 00:15:00)
  2023-12-25 22:00:00 (gap of 3 days 00:45:00, expected 0 days 00:15:00)
  2017-12-25 22:00:00 (gap of 3 days 00:15:00, expected 0 days 00:15:00)
  2020-12-27 22:00:00 (gap of 3 days 00:15:00, expected 0 days 00:15:00)
  2018-01-01 22:00:00 (gap of 3 days 00:15:00, expected 0 days 00:15:00)
  2021-01-03 22:00:00 (gap of 3 days 00:15:00, expected 0 days 00:15:00)
  2022-12-26 22:00:00 (gap of 3 days 00:15:00, expected 0 days 00:15:00)
  2023-01-02 01:45:00 (gap of 2 days 06:00:00, expected 0 days 00:15:00)
  2018-01-22 00:00:00 (gap of 2 days 02:15:00, expected 0 days 00:15:00)
  2019-02-24 22:45:00 (gap of 2 days 02:00:00, expected 0 days 00:15:00)
  ... and 558 more
2026-07-07 14:01:37,698 [WARNING] price_range_outliers: Found 773 bar(s) with a high-low range more than 10x the typical deviation from the median range (robust z-score).
Rows: [277, 333, 398, 447, 449, 1310, 1330, 1716, 1846, 1847, 2173, 2192, 2248, 2366, 2368, 2472, 2558, 2664, 2730, 4283] ... and 753 more
2026-07-07 14:01:37,698 [WARNING] low_volume_bars: Found 5 bar(s) with tick_volume <= 5 (thin-liquidity prints - not wrong, but worth reviewing before use in volume-sensitive signals).
Rows: [4797, 7195, 131774, 185797, 234537]
2026-07-07 14:01:37,698 [INFO] Data validated: 261219 row(s), 0 error(s), 3 warning(s)
2026-07-07 14:01:37,754 [INFO] Indicators calculated (EMA/MACD/Signal/Histogram)
