2026-07-08 19:39:45,980 [INFO] Pipeline started (config: config.yaml)
2026-07-08 19:39:46,237 [WARNING] timestamp_gaps: Found 558 gap(s) larger than the inferred bar interval (0 days 01:00:00). Some of these are likely normal (weekends, holidays) - review the timestamps below.
Largest gaps (timestamp is the bar right after the gap):
  2022-12-26 22:00:00 (gap of 3 days 01:00:00, expected 0 days 01:00:00)
  2018-01-01 22:00:00 (gap of 3 days 01:00:00, expected 0 days 01:00:00)
  2024-01-01 22:00:00 (gap of 3 days 01:00:00, expected 0 days 01:00:00)
  2023-12-25 22:00:00 (gap of 3 days 01:00:00, expected 0 days 01:00:00)
  2021-01-03 22:00:00 (gap of 3 days 01:00:00, expected 0 days 01:00:00)
  2020-12-27 22:00:00 (gap of 3 days 01:00:00, expected 0 days 01:00:00)
  2017-12-25 22:00:00 (gap of 3 days 01:00:00, expected 0 days 01:00:00)
  2023-01-02 01:00:00 (gap of 2 days 06:00:00, expected 0 days 01:00:00)
  2018-01-22 00:00:00 (gap of 2 days 03:00:00, expected 0 days 01:00:00)
  2024-11-03 22:00:00 (gap of 2 days 02:00:00, expected 0 days 01:00:00)
  ... and 548 more
2026-07-08 19:39:46,237 [WARNING] price_range_outliers: Found 163 bar(s) with a high-low range more than 10x the typical deviation from the median range (robust z-score).
Rows: [327, 591, 1071, 1072, 1166, 1167, 1168, 1169, 1269, 1888, 1989, 2631, 2851, 2978, 2980, 2981, 2982, 2983, 2984, 2985] ... and 143 more
2026-07-08 19:39:46,237 [INFO] Data validated: 65312 row(s), 0 error(s), 2 warning(s)
2026-07-08 19:39:46,260 [INFO] Indicators calculated (TRIX/Signal)
2026-07-08 19:46:24,682 [INFO] Signals generated: 1647 crossover(s) found
2026-07-08 19:46:24,682 [INFO] Risk sizing enabled: initial balance 10000.00, risk 0.250%, daily drawdown 0.500%, stop 30.0 pips, lot size 0.083333
2026-07-08 19:46:25,497 [INFO] Backtest complete: 1165 trade(s) executed
2026-07-08 19:46:25,547 [INFO] Exported Quant Analyzer CSV to output/quant_analyzer.csv
2026-07-08 19:46:25,548 [INFO] Export column count matches Quant Analyzer's Format #3 - OK
2026-07-08 19:46:25,548 [INFO] Pipeline finished successfully.
