2026-07-07 14:57:23,293 [INFO] Pipeline started (config: config.yaml)
2026-07-07 14:57:23,380 [WARNING] timestamp_gaps: Found 556 gap(s) larger than the inferred bar interval (0 days 04:00:00). Some of these are likely normal (weekends, holidays) - review the timestamps below.
Largest gaps (timestamp is the bar right after the gap):
  2021-01-03 22:00:00 (gap of 3 days 04:00:00, expected 0 days 04:00:00)
  2018-01-01 22:00:00 (gap of 3 days 04:00:00, expected 0 days 04:00:00)
  2020-12-27 22:00:00 (gap of 3 days 04:00:00, expected 0 days 04:00:00)
  2024-01-01 22:00:00 (gap of 3 days 04:00:00, expected 0 days 04:00:00)
  2023-12-25 22:00:00 (gap of 3 days 04:00:00, expected 0 days 04:00:00)
  2017-12-25 22:00:00 (gap of 3 days 04:00:00, expected 0 days 04:00:00)
  2022-12-26 22:00:00 (gap of 3 days 04:00:00, expected 0 days 04:00:00)
  2020-06-08 01:00:00 (gap of 2 days 08:00:00, expected 0 days 04:00:00)
  2018-01-22 02:00:00 (gap of 2 days 08:00:00, expected 0 days 04:00:00)
  2021-11-07 22:00:00 (gap of 2 days 05:00:00, expected 0 days 04:00:00)
  ... and 546 more
2026-07-07 14:57:23,380 [WARNING] price_range_outliers: Found 15 bar(s) with a high-low range more than 10x the typical deviation from the median range (robust z-score).
Rows: [292, 317, 745, 746, 1334, 1335, 1462, 1555, 2688, 6526, 6556, 10682, 11210, 14435, 14437]
2026-07-07 14:57:23,380 [INFO] Data validated: 16337 row(s), 0 error(s), 2 warning(s)
2026-07-07 14:57:23,386 [INFO] Indicators calculated (EMA/MACD/Signal/Histogram)
2026-07-07 14:58:55,082 [INFO] Signals generated: 633 crossover(s) found
2026-07-07 14:58:55,172 [INFO] Backtest complete: 572 trade(s) executed
2026-07-07 14:58:55,195 [INFO] Exported Quant Analyzer CSV to output/quant_analyzer.csv
2026-07-07 14:58:55,196 [INFO] Export column count matches Quant Analyzer's Format #3 - OK
2026-07-07 14:58:55,196 [INFO] Pipeline finished successfully.
