2026-07-04 14:03:33,439 [INFO] ======================================================================
2026-07-04 14:03:33,439 [INFO] MACD FX Quant Research - H001 Baseline
2026-07-04 14:03:33,440 [INFO] ======================================================================
2026-07-04 14:03:33,440 [INFO] 
Step 0: Loading configuration...
2026-07-04 14:03:33,449 [INFO]   ✓ Loaded config.yaml
2026-07-04 14:03:33,450 [INFO]     - Project: macd_crossover
2026-07-04 14:03:33,450 [INFO]     - Stop loss: 0.002 pips
2026-07-04 14:03:33,450 [INFO]     - Take profit: 0.004 pips
2026-07-04 14:03:33,450 [INFO]   ✓ Output directory ready: output/trades
2026-07-04 14:03:33,450 [INFO] 
Step 1: Finding raw OHLC files in data/raw...
2026-07-04 14:03:33,451 [INFO]   ✓ Found 3 CSV file(s)
2026-07-04 14:03:33,451 [INFO]     - EURUSD_H1_20160101_20260702_20260703_164510.csv
2026-07-04 14:03:33,451 [INFO]     - EURUSD_H4_20160101_20260702_20260703_164520.csv
2026-07-04 14:03:33,451 [INFO]     - EURUSD_M15_20160101_20260702_20260703_164445.csv
2026-07-04 14:03:33,451 [INFO] 
Step 2: Processing 3 file(s)...
2026-07-04 14:03:33,451 [INFO] 
======================================================================
2026-07-04 14:03:33,452 [INFO] Processing: data/raw/EURUSD_H1_20160101_20260702_20260703_164510.csv
2026-07-04 14:03:33,452 [INFO] ======================================================================
2026-07-04 14:03:33,452 [INFO] Step 1: Loading raw OHLC data...
2026-07-04 14:03:33,589 [INFO]   ✓ Loaded 65312 rows
2026-07-04 14:03:33,589 [INFO] Step 2: Validating data...
2026-07-04 14:03:33,785 [INFO]   Data safe for research: YES
2026-07-04 14:03:33,785 [WARNING]   ⚠ Found 2 WARNING(s):
2026-07-04 14:03:33,785 [WARNING]     - timestamp_gaps: Found 558 gap(s) larger than the inferred bar interval (0 days 01:00:00). Some of these are likely n...
2026-07-04 14:03:33,785 [WARNING]     - price_range_outliers: Found 163 bar(s) with a high-low range more than 10x the typical deviation from the median range (ro...
2026-07-04 14:03:33,785 [INFO] Step 3: Calculating MACD indicators...
2026-07-04 14:03:33,801 [INFO]   ✓ Added MACD, Signal, Histogram columns
2026-07-04 14:03:33,801 [INFO] Step 4: Generating trading signals...
2026-07-04 14:03:33,831 [INFO]   ✓ Generated 5163 signals (LONG/SHORT crossovers)
2026-07-04 14:03:33,831 [INFO] Step 5: Executing trades (backtest)...
2026-07-04 14:03:34,045 [INFO]   ✓ Generated 3304 completed trades
2026-07-04 14:03:34,047 [INFO] 
======================================================================
2026-07-04 14:03:34,048 [INFO] Processing: data/raw/EURUSD_H4_20160101_20260702_20260703_164520.csv
2026-07-04 14:03:34,048 [INFO] ======================================================================
2026-07-04 14:03:34,048 [INFO] Step 1: Loading raw OHLC data...
2026-07-04 14:03:34,077 [INFO]   ✓ Loaded 16337 rows
2026-07-04 14:03:34,077 [INFO] Step 2: Validating data...
2026-07-04 14:03:34,143 [INFO]   Data safe for research: YES
2026-07-04 14:03:34,144 [WARNING]   ⚠ Found 2 WARNING(s):
2026-07-04 14:03:34,144 [WARNING]     - timestamp_gaps: Found 556 gap(s) larger than the inferred bar interval (0 days 04:00:00). Some of these are likely n...
2026-07-04 14:03:34,144 [WARNING]     - price_range_outliers: Found 15 bar(s) with a high-low range more than 10x the typical deviation from the median range (rob...
2026-07-04 14:03:34,144 [INFO] Step 3: Calculating MACD indicators...
2026-07-04 14:03:34,151 [INFO]   ✓ Added MACD, Signal, Histogram columns
2026-07-04 14:03:34,151 [INFO] Step 4: Generating trading signals...
2026-07-04 14:03:34,159 [INFO]   ✓ Generated 1244 signals (LONG/SHORT crossovers)
2026-07-04 14:03:34,159 [INFO] Step 5: Executing trades (backtest)...
2026-07-04 14:03:34,222 [INFO]   ✓ Generated 1174 completed trades
2026-07-04 14:03:34,223 [INFO] 
======================================================================
2026-07-04 14:03:34,223 [INFO] Processing: data/raw/EURUSD_M15_20160101_20260702_20260703_164445.csv
2026-07-04 14:03:34,223 [INFO] ======================================================================
2026-07-04 14:03:34,223 [INFO] Step 1: Loading raw OHLC data...
2026-07-04 14:03:34,729 [INFO]   ✓ Loaded 261219 rows
2026-07-04 14:03:34,729 [INFO] Step 2: Validating data...
2026-07-04 14:03:35,386 [INFO]   Data safe for research: YES
2026-07-04 14:03:35,386 [WARNING]   ⚠ Found 3 WARNING(s):
2026-07-04 14:03:35,386 [WARNING]     - timestamp_gaps: Found 568 gap(s) larger than the inferred bar interval (0 days 00:15:00). Some of these are likely n...
2026-07-04 14:03:35,386 [WARNING]     - price_range_outliers: Found 773 bar(s) with a high-low range more than 10x the typical deviation from the median range (ro...
2026-07-04 14:03:35,386 [WARNING]     - low_volume_bars: Found 5 bar(s) with tick_volume <= 5 (thin-liquidity prints - not wrong, but worth reviewing before ...
2026-07-04 14:03:35,386 [INFO] Step 3: Calculating MACD indicators...
2026-07-04 14:03:35,432 [INFO]   ✓ Added MACD, Signal, Histogram columns
2026-07-04 14:03:35,433 [INFO] Step 4: Generating trading signals...
2026-07-04 14:03:35,519 [INFO]   ✓ Generated 20297 signals (LONG/SHORT crossovers)
2026-07-04 14:03:35,519 [INFO] Step 5: Executing trades (backtest)...
2026-07-04 14:03:36,379 [INFO]   ✓ Generated 5462 completed trades
2026-07-04 14:03:36,393 [INFO] 
Step 3: Combining results...
2026-07-04 14:03:36,395 [INFO]   ✓ Combined 9940 total trades from all files
2026-07-04 14:03:36,395 [INFO] 
Step 4: Writing trades to CSV...
2026-07-04 14:03:36,571 [INFO]   ✓ Wrote 9940 trades to output/trades/trades.csv
2026-07-04 14:03:36,571 [INFO] 
Step 5: Computing quantitative analysis...
2026-07-04 14:03:36,578 [INFO]   Analysis Statistics:
2026-07-04 14:03:36,579 [INFO]     - Total Trades: 9940
2026-07-04 14:03:36,579 [INFO]     - Win Rate: 32.31%
2026-07-04 14:03:36,579 [INFO]     - Total P&L: -60800.00
2026-07-04 14:03:36,579 [INFO]     - Sharpe Ratio: -0.35
2026-07-04 14:03:36,579 [INFO] 
Step 6: Writing analysis to CSV...
2026-07-04 14:03:36,580 [INFO]   ✓ Wrote analysis to output/trades/quant_analyzer.csv
2026-07-04 14:03:36,581 [INFO] 
======================================================================
2026-07-04 14:03:36,581 [INFO] Pipeline Complete!
2026-07-04 14:03:36,581 [INFO] ======================================================================
2026-07-04 14:03:36,581 [INFO] 
Outputs:
2026-07-04 14:03:36,581 [INFO]   - Trades: output/trades/trades.csv
2026-07-04 14:03:36,581 [INFO]   - Analysis: output/trades/quant_analyzer.csv
2026-07-04 14:03:36,581 [INFO] 
Processing Summary:
2026-07-04 14:03:36,581 [INFO]   - Files processed: 3
2026-07-04 14:03:36,582 [INFO]   - Successful: 3
2026-07-04 14:03:36,582 [INFO]   - Failed: 0
