2026-07-05 01:35:08,625 [INFO] Pipeline started (config: config.yaml)
2026-07-05 01:35:08,836 [WARNING] timestamp_gaps: Found 558 gap(s) larger than the inferred bar interval (0 days 01:00:00). Some of these are likely normal (weekends, holidays) - review the timestamps below.
Largest gaps (timestamp is the bar right after the gap):
  2022-12-26 22:00:00 (gap of 3 days 01:00:00, expected 0 days 01:00:00)
  2018-01-01 22:00:00 (gap of 3 days 01:00:00, expected 0 days 01:00:00)
  2024-01-01 22:00:00 (gap of 3 days 01:00:00, expected 0 days 01:00:00)
  2023-12-25 22:00:00 (gap of 3 days 01:00:00, expected 0 days 01:00:00)
  2021-01-03 22:00:00 (gap of 3 days 01:00:00, expected 0 days 01:00:00)
  2020-12-27 22:00:00 (gap of 3 days 01:00:00, expected 0 days 01:00:00)
  2017-12-25 22:00:00 (gap of 3 days 01:00:00, expected 0 days 01:00:00)
  2023-01-02 01:00:00 (gap of 2 days 06:00:00, expected 0 days 01:00:00)
  2018-01-22 00:00:00 (gap of 2 days 03:00:00, expected 0 days 01:00:00)
  2024-11-03 22:00:00 (gap of 2 days 02:00:00, expected 0 days 01:00:00)
  ... and 548 more
2026-07-05 01:35:08,836 [WARNING] price_range_outliers: Found 163 bar(s) with a high-low range more than 10x the typical deviation from the median range (robust z-score).
Rows: [327, 591, 1071, 1072, 1166, 1167, 1168, 1169, 1269, 1888, 1989, 2631, 2851, 2978, 2980, 2981, 2982, 2983, 2984, 2985] ... and 143 more
2026-07-05 01:35:08,836 [INFO] Data validated: 65312 row(s), 0 error(s), 2 warning(s)
2026-07-05 01:35:08,844 [INFO] Indicators calculated (EMA/MACD/Signal/Histogram)
2026-07-05 01:35:08,864 [INFO] Signals generated: 5163 crossover(s) found
2026-07-05 01:35:09,108 [INFO] Backtest complete: 5162 trade(s) executed
2026-07-05 01:35:09,174 [INFO] Exported Quant Analyzer CSV to output/quant_analyzer.csv
2026-07-05 01:35:09,174 [WARNING] Reference file tests/qa_mt4_report_true_fixed_iso.csv not found - skipping shape check.
2026-07-05 01:35:09,174 [INFO] Pipeline finished successfully.
